dotnet : Unhandled 
exception. 
System.IO.IOException: 
Failed to bind to address 
http://127.0.0.1:5001: 
address already in use.
At line:1 char:1
+ dotnet run --project 
ArenaOps.AuthService.API 
--urls=http://localhost ...
+ ~~~~~~~~~~~~~~~~~~~~~~~~~~
~~~~~~~~~~~~~~~~~~~~~~~~~~~~
~~~~~~~~~~~~~~~
    + CategoryInfo          
    : NotSpe    cified: 
(Unhandl    ed 
excep...alrea    dy in 
use.:Strin    g) [], 
RemoteExc    eption
    + FullyQualified    
ErrorId : Native    
CommandError
 
 ---> Microsoft.AspNetCore.C
onnections.AddressInUseExcep
tion: Only one usage of 
each socket address 
(protocol/network 
address/port) is normally 
permitted.
 ---> System.Net.Sockets.Soc
ketException (10048): Only 
one usage of each socket 
address (protocol/network 
address/port) is normally 
permitted.
   at System.Net.Sockets.Soc
ket.UpdateStatusAfterSocketE
rrorAndThrowException(Socket
Error error, Boolean 
disconnectOnFailure, String 
callerName)
   at System.Net.Sockets.Soc
ket.DoBind(EndPoint 
endPointSnapshot, 
SocketAddress socketAddress)
   at System.Net.Sockets.Soc
ket.Bind(EndPoint localEP)
   at Microsoft.AspNetCore.S
erver.Kestrel.Transport.Sock
ets.SocketTransportOptions.C
reateDefaultBoundListenSocke
t(EndPoint endpoint)
   at Microsoft.AspNetCore.S
erver.Kestrel.Transport.Sock
ets.SocketConnectionListener
.Bind()
   --- End of inner 
exception stack trace ---
   at Microsoft.AspNetCore.S
erver.Kestrel.Transport.Sock
ets.SocketConnectionListener
.Bind()
   at Microsoft.AspNetCore.S
erver.Kestrel.Transport.Sock
ets.SocketTransportFactory.B
indAsync(EndPoint endpoint, 
CancellationToken 
cancellationToken)
   at Microsoft.AspNetCore.S
erver.Kestrel.Core.Internal.
Infrastructure.TransportMana
ger.BindAsync(EndPoint 
endPoint, 
ConnectionDelegate 
connectionDelegate, 
EndpointConfig 
endpointConfig, 
CancellationToken 
cancellationToken)
   at Microsoft.AspNetCore.S
erver.Kestrel.Core.KestrelSe
rverImpl.<>c__DisplayClass28
_0`1.<<StartAsync>g__OnBind|
0>d.MoveNext()
--- End of stack trace from 
previous location ---
   at Microsoft.AspNetCore.S
erver.Kestrel.Core.Internal.
AddressBinder.BindEndpointAs
ync(ListenOptions endpoint, 
AddressBindContext context, 
CancellationToken 
cancellationToken)
   --- End of inner 
exception stack trace ---
   at Microsoft.AspNetCore.S
erver.Kestrel.Core.Internal.
AddressBinder.BindEndpointAs
ync(ListenOptions endpoint, 
AddressBindContext context, 
CancellationToken 
cancellationToken)
   at Microsoft.AspNetCore.S
erver.Kestrel.Core.Localhost
ListenOptions.BindAsync(Addr
essBindContext context, 
CancellationToken 
cancellationToken)
   at Microsoft.AspNetCore.S
erver.Kestrel.Core.Internal.
AddressBinder.AddressesStrat
egy.BindAsync(AddressBindCon
text context, 
CancellationToken 
cancellationToken)
   at Microsoft.AspNetCore.S
erver.Kestrel.Core.Internal.
AddressBinder.BindAsync(List
enOptions[] listenOptions, 
AddressBindContext context, 
Func`2 useHttps, 
CancellationToken 
cancellationToken)
   at Microsoft.AspNetCore.S
erver.Kestrel.Core.KestrelSe
rverImpl.BindAsync(Cancellat
ionToken cancellationToken)
   at Microsoft.AspNetCore.S
erver.Kestrel.Core.KestrelSe
rverImpl.StartAsync[TContext
](IHttpApplication`1 
application, 
CancellationToken 
cancellationToken)
   at Microsoft.AspNetCore.H
osting.GenericWebHostService
.StartAsync(CancellationToke
n cancellationToken)
   at Microsoft.Extensions.H
osting.Internal.Host.<StartA
sync>b__15_1(IHostedService 
service, CancellationToken 
token)
   at Microsoft.Extensions.H
osting.Internal.Host.Foreach
Service[T](IEnumerable`1 
services, CancellationToken 
token, Boolean concurrent, 
Boolean 
abortOnFirstException, 
List`1 exceptions, Func`3 
operation)
   at Microsoft.Extensions.H
osting.Internal.Host.StartAs
ync(CancellationToken 
cancellationToken)
   at Microsoft.Extensions.H
osting.HostingAbstractionsHo
stExtensions.RunAsync(IHost 
host, CancellationToken 
token)
   at Microsoft.Extensions.H
osting.HostingAbstractionsHo
stExtensions.RunAsync(IHost 
host, CancellationToken 
token)
   at Microsoft.Extensions.H
osting.HostingAbstractionsHo
stExtensions.Run(IHost host)
   at 
Program.<Main>$(String[] 
args) in C:\Users\aflah\OneD
rive\Desktop\ARENAOPS\BACKEN
D\ArenaOps.AuthService\Arena
Ops.AuthService.API\Program.
cs:line 98

