2026-02-19 14:35:30.135 +05:30 [ERR] Failed executing DbCommand (272ms) [Parameters=[], CommandType='"Text"', CommandTimeout='30']
CREATE TABLE [Stadiums] (
    [StadiumId] uniqueidentifier NOT NULL DEFAULT (NEWSEQUENTIALID()),
    [OwnerId] uniqueidentifier NOT NULL,
    [Name] nvarchar(200) NOT NULL,
    [Address] nvarchar(300) NOT NULL,
    [City] nvarchar(100) NOT NULL,
    [State] nvarchar(100) NOT NULL,
    [Country] nvarchar(100) NOT NULL,
    [Pincode] nvarchar(10) NOT NULL,
    [Latitude] decimal(9,6) NOT NULL,
    [Longitude] decimal(9,6) NOT NULL,
    [IsApproved] bit NOT NULL DEFAULT CAST(0 AS bit),
    [CreatedAt] datetime2 NOT NULL DEFAULT (GETUTCDATE()),
    [IsActive] bit NOT NULL DEFAULT CAST(1 AS bit),
    CONSTRAINT [PK_Stadiums] PRIMARY KEY ([StadiumId])
);
2026-02-19 14:42:44.655 +05:30 [INF] Starting ArenaOps CoreService API...
2026-02-19 14:43:38.337 +05:30 [WRN] Failed to determine the https port for redirect.
2026-02-19 14:43:38.456 +05:30 [ERR] An unhandled exception has occurred while executing the request.
System.InvalidOperationException: The MetadataAddress or Authority must use HTTPS unless disabled for development by setting RequireHttpsMetadata=false.
   at Microsoft.AspNetCore.Authentication.JwtBearer.JwtBearerPostConfigureOptions.PostConfigure(String name, JwtBearerOptions options)
   at Microsoft.Extensions.Options.OptionsFactory`1.Create(String name)
   at Microsoft.Extensions.Options.OptionsMonitor`1.<>c.<Get>b__10_0(String name, IOptionsFactory`1 factory)
   at Microsoft.Extensions.Options.OptionsCache`1.<>c__DisplayClass3_1`1.<GetOrAdd>b__2()
   at System.Lazy`1.ViaFactory(LazyThreadSafetyMode mode)
   at System.Lazy`1.ExecutionAndPublication(LazyHelper executionAndPublication, Boolean useDefaultConstructor)
   at System.Lazy`1.CreateValue()
   at Microsoft.Extensions.Options.OptionsCache`1.GetOrAdd[TArg](String name, Func`3 createOptions, TArg factoryArgument)
   at Microsoft.Extensions.Options.OptionsMonitor`1.Get(String name)
   at Microsoft.AspNetCore.Authentication.AuthenticationHandler`1.InitializeAsync(AuthenticationScheme scheme, HttpContext context)
   at Microsoft.AspNetCore.Authentication.AuthenticationHandlerProvider.GetHandlerAsync(HttpContext context, String authenticationScheme)
   at Microsoft.AspNetCore.Authentication.AuthenticationService.AuthenticateAsync(HttpContext context, String scheme)
   at Microsoft.AspNetCore.Authentication.AuthenticationMiddleware.Invoke(HttpContext context)
   at Microsoft.AspNetCore.Diagnostics.DeveloperExceptionPageMiddlewareImpl.Invoke(HttpContext context)
2026-02-19 14:43:38.489 +05:30 [ERR] HTTP GET /api/stadiums/ping responded 500 in 159.5205 ms
2026-02-19 14:44:49.737 +05:30 [INF] Starting ArenaOps CoreService API...
2026-02-19 14:45:10.188 +05:30 [WRN] Failed to determine the https port for redirect.
2026-02-19 14:45:10.242 +05:30 [INF] HTTP GET /api/stadiums/ping responded 404 in 61.1494 ms
2026-02-19 14:46:48.638 +05:30 [INF] HTTP GET /api/stadiums/ping responded 404 in 2.3847 ms
2026-02-19 14:47:39.931 +05:30 [INF] Starting ArenaOps CoreService API...
2026-02-19 14:47:58.029 +05:30 [WRN] Failed to determine the https port for redirect.
2026-02-19 14:47:58.181 +05:30 [INF] HTTP GET /api/stadiums/ping responded 200 in 164.2812 ms
2026-02-19 14:50:58.732 +05:30 [INF] HTTP GET /api/stadiums/test responded 401 in 30.1381 ms
2026-02-19 14:53:08.573 +05:30 [INF] HTTP GET /api/stadiums/test responded 401 in 261.9294 ms
2026-02-19 14:53:46.861 +05:30 [INF] Starting ArenaOps CoreService API...
2026-02-19 14:54:13.853 +05:30 [WRN] Failed to determine the https port for redirect.
2026-02-19 14:54:14.041 +05:30 [INF] HTTP GET /api/stadiums/test responded 200 in 193.4544 ms
